2018-02-05 09:23:56.840  INFO 12853 --- [restartedMain] jp.co.rakus.merucari.App                 : Starting App on mbp.local with PID 12853 (/Users/workspaces/eclipse.workspace/merucari/target/classes started by y.kimura in /Users/workspaces/eclipse.workspace/merucari)
2018-02-05 09:23:56.840  INFO 12853 --- [restartedMain] jp.co.rakus.merucari.App                 : No active profile set, falling back to default profiles: default
2018-02-05 09:23:56.842  INFO 12853 --- [restartedMain] ationConfigEmbeddedWebApplicationContext : Refreshing org.springframework.boot.context.embedded.AnnotationConfigEmbeddedWebApplicationContext@2a096f30: startup date [Mon Feb 05 09:23:56 JST 2018]; root of context hierarchy
2018-02-05 09:23:57.214  INFO 12853 --- [restartedMain] s.b.c.e.t.TomcatEmbeddedServletContainer : Tomcat initialized with port(s): 8080 (http)
2018-02-05 09:23:57.215  INFO 12853 --- [restartedMain] o.apache.catalina.core.StandardService   : Starting service [Tomcat]
2018-02-05 09:23:57.215  INFO 12853 --- [restartedMain] org.apache.catalina.core.StandardEngine  : Starting Servlet Engine: Apache Tomcat/8.5.15
2018-02-05 09:23:57.278  INFO 12853 --- [localhost-startStop-1] org.apache.jasper.servlet.TldScanner     : At least one JAR was scanned for TLDs yet contained no TLDs. Enable debug logging for this logger for a complete list of JARs that were scanned but no TLDs were found in them. Skipping unneeded JARs during scanning can improve startup time and JSP compilation time.
2018-02-05 09:23:57.280  INFO 12853 --- [localhost-startStop-1] o.a.c.c.C.[Tomcat].[localhost].[/]       : Initializing Spring embedded WebApplicationContext
2018-02-05 09:23:57.280  INFO 12853 --- [localhost-startStop-1] o.s.web.context.ContextLoader            : Root WebApplicationContext: initialization completed in 438 ms
2018-02-05 09:23:57.314  INFO 12853 --- [localhost-startStop-1] o.s.b.w.servlet.FilterRegistrationBean   : Mapping filter: 'characterEncodingFilter' to: [/*]
2018-02-05 09:23:57.315  INFO 12853 --- [localhost-startStop-1] o.s.b.w.servlet.FilterRegistrationBean   : Mapping filter: 'hiddenHttpMethodFilter' to: [/*]
2018-02-05 09:23:57.315  INFO 12853 --- [localhost-startStop-1] o.s.b.w.servlet.FilterRegistrationBean   : Mapping filter: 'httpPutFormContentFilter' to: [/*]
2018-02-05 09:23:57.315  INFO 12853 --- [localhost-startStop-1] o.s.b.w.servlet.FilterRegistrationBean   : Mapping filter: 'requestContextFilter' to: [/*]
2018-02-05 09:23:57.315  INFO 12853 --- [localhost-startStop-1] .s.DelegatingFilterProxyRegistrationBean : Mapping filter: 'springSecurityFilterChain' to: [/*]
2018-02-05 09:23:57.315  INFO 12853 --- [localhost-startStop-1] o.s.b.w.servlet.FilterRegistrationBean   : Mapping filter: 'simpleCORSFilter' to: [/*]
2018-02-05 09:23:57.315  INFO 12853 --- [localhost-startStop-1] o.s.b.w.servlet.ServletRegistrationBean  : Mapping servlet: 'dispatcherServlet' to [/]
2018-02-05 09:23:57.626  INFO 12853 --- [restartedMain] o.s.s.web.DefaultSecurityFilterChain     : Creating filter chain: Ant [pattern='/images/**'], []
2018-02-05 09:23:57.626  INFO 12853 --- [restartedMain] o.s.s.web.DefaultSecurityFilterChain     : Creating filter chain: Ant [pattern='/css/**'], []
2018-02-05 09:23:57.626  INFO 12853 --- [restartedMain] o.s.s.web.DefaultSecurityFilterChain     : Creating filter chain: Ant [pattern='/javascript/**'], []
2018-02-05 09:23:57.626  INFO 12853 --- [restartedMain] o.s.s.web.DefaultSecurityFilterChain     : Creating filter chain: Ant [pattern='/webjars/**'], []
2018-02-05 09:23:57.632  INFO 12853 --- [restartedMain] o.s.s.web.DefaultSecurityFilterChain     : Creating filter chain: org.springframework.security.web.util.matcher.AnyRequestMatcher@1, [org.springframework.security.web.context.request.async.WebAsyncManagerIntegrationFilter@47e51fa8, org.springframework.security.web.context.SecurityContextPersistenceFilter@1712b3f3, org.springframework.security.web.header.HeaderWriterFilter@4d89e39c, org.springframework.security.web.csrf.CsrfFilter@67e54df1, org.springframework.security.web.authentication.logout.LogoutFilter@26cc9cdc, org.springframework.security.web.authentication.UsernamePasswordAuthenticationFilter@58567883, org.springframework.security.web.savedrequest.RequestCacheAwareFilter@51c76c13, org.springframework.security.web.servletapi.SecurityContextHolderAwareRequestFilter@53d0e0b4, org.springframework.security.web.authentication.AnonymousAuthenticationFilter@10d7b405, org.springframework.security.web.session.SessionManagementFilter@5a55f78d, org.springframework.security.web.access.ExceptionTranslationFilter@4b61be5c, org.springframework.security.web.access.intercept.FilterSecurityInterceptor@3d579bcf]
2018-02-05 09:23:57.665  INFO 12853 --- [restartedMain] s.w.s.m.m.a.RequestMappingHandlerAdapter : Looking for @ControllerAdvice: org.springframework.boot.context.embedded.AnnotationConfigEmbeddedWebApplicationContext@2a096f30: startup date [Mon Feb 05 09:23:56 JST 2018]; root of context hierarchy
2018-02-05 09:23:57.672  INFO 12853 --- [restartedMain] s.w.s.m.m.a.RequestMappingHandlerMapping : Mapped "{[/]}" onto public java.lang.String jp.co.rakus.merucari.web.ItemController.index(org.springframework.ui.Model)
2018-02-05 09:23:57.672  INFO 12853 --- [restartedMain] s.w.s.m.m.a.RequestMappingHandlerMapping : Mapped "{[/getJsonOfIndexItemList]}" onto public java.util.List<jp.co.rakus.merucari.domain.Item> jp.co.rakus.merucari.web.ItemController.sendJsonIndex()
2018-02-05 09:23:57.673  INFO 12853 --- [restartedMain] s.w.s.m.m.a.RequestMappingHandlerMapping : Mapped "{[/getJsonOfParentCategory]}" onto public java.util.List<jp.co.rakus.merucari.domain.Category> jp.co.rakus.merucari.web.ItemController.sendCategoryIndex()
2018-02-05 09:23:57.673  INFO 12853 --- [restartedMain] s.w.s.m.m.a.RequestMappingHandlerMapping : Mapped "{[/getJsonOfChildCategory]}" onto public java.util.List<jp.co.rakus.merucari.domain.Category> jp.co.rakus.merucari.web.ItemController.getJsonOfChildCategory(java.lang.String)
2018-02-05 09:23:57.673  INFO 12853 --- [restartedMain] s.w.s.m.m.a.RequestMappingHandlerMapping : Mapped "{[/getJsonOfGrandChildCategory]}" onto public java.util.List<jp.co.rakus.merucari.domain.Category> jp.co.rakus.merucari.web.ItemController.getJsonOfGrandChildCategory(java.lang.String)
2018-02-05 09:23:57.673  INFO 12853 --- [restartedMain] s.w.s.m.m.a.RequestMappingHandlerMapping : Mapped "{[/getJsonOfBrand]}" onto public java.util.List<java.lang.String> jp.co.rakus.merucari.web.ItemController.getJsonOfBrand(java.lang.String)
2018-02-05 09:23:57.673  INFO 12853 --- [restartedMain] s.w.s.m.m.a.RequestMappingHandlerMapping : Mapped "{[/getItemOfSerchedExistName]}" onto public java.util.List<jp.co.rakus.merucari.domain.Item> jp.co.rakus.merucari.web.ItemController.getItemOfSerched(java.lang.String,java.lang.String,java.lang.String)
2018-02-05 09:23:57.674  INFO 12853 --- [restartedMain] s.w.s.m.m.a.RequestMappingHandlerMapping : Mapped "{[/getItemOfSerched]}" onto public java.util.List<jp.co.rakus.merucari.domain.Item> jp.co.rakus.merucari.web.ItemController.getItemOfSerched(java.lang.String,java.lang.String)
2018-02-05 09:23:57.674  INFO 12853 --- [restartedMain] s.w.s.m.m.a.RequestMappingHandlerMapping : Mapped "{[/getItemOfSerchedOnlyName]}" onto public java.util.List<jp.co.rakus.merucari.domain.Item> jp.co.rakus.merucari.web.ItemController.getItemOfSerchedOnlyName(java.lang.String)
2018-02-05 09:23:57.674  INFO 12853 --- [restartedMain] s.w.s.m.m.a.RequestMappingHandlerMapping : Mapped "{[/getTotalItem]}" onto public java.lang.Integer jp.co.rakus.merucari.web.ItemController.getTotalItem()
2018-02-05 09:23:57.674  INFO 12853 --- [restartedMain] s.w.s.m.m.a.RequestMappingHandlerMapping : Mapped "{[/paging]}" onto public java.util.List<jp.co.rakus.merucari.domain.Item> jp.co.rakus.merucari.web.ItemController.clickPagingNum(java.lang.String)
2018-02-05 09:23:57.675  INFO 12853 --- [restartedMain] s.w.s.m.m.a.RequestMappingHandlerMapping : Mapped "{[/selectPaging]}" onto public java.util.List<jp.co.rakus.merucari.domain.Item> jp.co.rakus.merucari.web.ItemController.selectPaging(java.lang.String)
2018-02-05 09:23:57.675  INFO 12853 --- [restartedMain] s.w.s.m.m.a.RequestMappingHandlerMapping : Mapped "{[/detail]}" onto public java.lang.String jp.co.rakus.merucari.web.ItemController.displayDetail(java.lang.String,org.springframework.ui.Model)
2018-02-05 09:23:57.675  INFO 12853 --- [restartedMain] s.w.s.m.m.a.RequestMappingHandlerMapping : Mapped "{[/insert_of_data/saveCategoryTable]}" onto public java.lang.String jp.co.rakus.merucari.web.OriginalController.createFirst()
2018-02-05 09:23:57.676  INFO 12853 --- [restartedMain] s.w.s.m.m.a.RequestMappingHandlerMapping : Mapped "{[/addItem]}" onto public java.lang.String jp.co.rakus.merucari.web.UpdateItemController.displaryAddItem()
2018-02-05 09:23:57.676  INFO 12853 --- [restartedMain] s.w.s.m.m.a.RequestMappingHandlerMapping : Mapped "{[/executeAddItem]}" onto public java.lang.String jp.co.rakus.merucari.web.UpdateItemController.saveAddItem(jp.co.rakus.merucari.web.UpdateItemForm,org.springframework.validation.BindingResult)
2018-02-05 09:23:57.676  INFO 12853 --- [restartedMain] s.w.s.m.m.a.RequestMappingHandlerMapping : Mapped "{[/editItem]}" onto public java.lang.String jp.co.rakus.merucari.web.UpdateItemController.displayUpdateItem(java.lang.String,org.springframework.ui.Model)
2018-02-05 09:23:57.676  INFO 12853 --- [restartedMain] s.w.s.m.m.a.RequestMappingHandlerMapping : Mapped "{[/executeEditItem]}" onto public java.lang.String jp.co.rakus.merucari.web.UpdateItemController.updateEditItem(jp.co.rakus.merucari.web.UpdateItemForm,org.springframework.validation.BindingResult)
2018-02-05 09:23:57.676  INFO 12853 --- [restartedMain] s.w.s.m.m.a.RequestMappingHandlerMapping : Mapped "{[/connection_by_api]}" onto public java.lang.String jp.co.rakus.merucari.web.UseToApiController.displayApiConnectionPage()
2018-02-05 09:23:57.677  INFO 12853 --- [restartedMain] s.w.s.m.m.a.RequestMappingHandlerMapping : Mapped "{[/logout]}" onto public java.lang.String jp.co.rakus.merucari.web.UserController.logout()
2018-02-05 09:23:57.677  INFO 12853 --- [restartedMain] s.w.s.m.m.a.RequestMappingHandlerMapping : Mapped "{[/displayLoginPage]}" onto public java.lang.String jp.co.rakus.merucari.web.UserController.displayLogin()
2018-02-05 09:23:57.677  INFO 12853 --- [restartedMain] s.w.s.m.m.a.RequestMappingHandlerMapping : Mapped "{[/displayRegister]}" onto public java.lang.String jp.co.rakus.merucari.web.UserController.displayRegister()
2018-02-05 09:23:57.677  INFO 12853 --- [restartedMain] s.w.s.m.m.a.RequestMappingHandlerMapping : Mapped "{[/excuteRegister]}" onto public java.lang.String jp.co.rakus.merucari.web.UserController.excuteRegister(java.lang.String,java.lang.String)
2018-02-05 09:23:57.679  INFO 12853 --- [restartedMain] s.w.s.m.m.a.RequestMappingHandlerMapping : Mapped "{[/error]}" onto public org.springframework.http.ResponseEntity<java.util.Map<java.lang.String, java.lang.Object>> org.springframework.boot.autoconfigure.web.BasicErrorController.error(javax.servlet.http.HttpServletRequest)
2018-02-05 09:23:57.679  INFO 12853 --- [restartedMain] s.w.s.m.m.a.RequestMappingHandlerMapping : Mapped "{[/error],produces=[text/html]}" onto public org.springframework.web.servlet.ModelAndView org.springframework.boot.autoconfigure.web.BasicErrorController.errorHtml(javax.servlet.http.HttpServletRequest,javax.servlet.http.HttpServletResponse)
2018-02-05 09:23:57.684  INFO 12853 --- [restartedMain] o.s.w.s.handler.SimpleUrlHandlerMapping  : Mapped URL path [/webjars/**] onto handler of type [class org.springframework.web.servlet.resource.ResourceHttpRequestHandler]
2018-02-05 09:23:57.685  INFO 12853 --- [restartedMain] o.s.w.s.handler.SimpleUrlHandlerMapping  : Mapped URL path [/**] onto handler of type [class org.springframework.web.servlet.resource.ResourceHttpRequestHandler]
2018-02-05 09:23:57.693  INFO 12853 --- [restartedMain] o.s.w.s.handler.SimpleUrlHandlerMapping  : Mapped URL path [/**/favicon.ico] onto handler of type [class org.springframework.web.servlet.resource.ResourceHttpRequestHandler]
2018-02-05 09:23:57.731  INFO 12853 --- [restartedMain] o.s.b.d.a.OptionalLiveReloadServer       : LiveReload server is running on port 35729
2018-02-05 09:23:57.769  INFO 12853 --- [restartedMain] o.s.j.e.a.AnnotationMBeanExporter        : Registering beans for JMX exposure on startup
2018-02-05 09:23:57.778  INFO 12853 --- [restartedMain] s.b.c.e.t.TomcatEmbeddedServletContainer : Tomcat started on port(s): 8080 (http)
2018-02-05 09:23:57.782  INFO 12853 --- [restartedMain] jp.co.rakus.merucari.App                 : Started App in 0.987 seconds (JVM running for 273.083)
2018-02-05 09:25:33.695  INFO 12853 --- [RMI TCP Connection(2)-127.0.0.1] inMXBeanRegistrar$SpringApplicationAdmin : Application shutdown requested.
2018-02-05 09:25:33.697  INFO 12853 --- [RMI TCP Connection(2)-127.0.0.1] ationConfigEmbeddedWebApplicationContext : Closing org.springframework.boot.context.embedded.AnnotationConfigEmbeddedWebApplicationContext@2a096f30: startup date [Mon Feb 05 09:23:56 JST 2018]; root of context hierarchy
2018-02-05 09:25:33.699  INFO 12853 --- [RMI TCP Connection(2)-127.0.0.1] o.s.j.e.a.AnnotationMBeanExporter        : Unregistering JMX-exposed beans on shutdown
2018-02-05 09:25:35.362  INFO 12907 --- [restartedMain] jp.co.rakus.merucari.App                 : Starting App on mbp.local with PID 12907 (/Users/workspaces/eclipse.workspace/merucari/target/classes started by y.kimura in /Users/workspaces/eclipse.workspace/merucari)
2018-02-05 09:25:35.363  INFO 12907 --- [restartedMain] jp.co.rakus.merucari.App                 : No active profile set, falling back to default profiles: default
2018-02-05 09:25:35.539  INFO 12907 --- [restartedMain] ationConfigEmbeddedWebApplicationContext : Refreshing org.springframework.boot.context.embedded.AnnotationConfigEmbeddedWebApplicationContext@6ebfcaeb: startup date [Mon Feb 05 09:25:35 JST 2018]; root of context hierarchy
2018-02-05 09:25:36.706  INFO 12907 --- [restartedMain] s.b.c.e.t.TomcatEmbeddedServletContainer : Tomcat initialized with port(s): 8080 (http)
2018-02-05 09:25:36.715  INFO 12907 --- [restartedMain] o.apache.catalina.core.StandardService   : Starting service [Tomcat]
2018-02-05 09:25:36.716  INFO 12907 --- [restartedMain] org.apache.catalina.core.StandardEngine  : Starting Servlet Engine: Apache Tomcat/8.5.15
2018-02-05 09:25:36.948  INFO 12907 --- [localhost-startStop-1] org.apache.jasper.servlet.TldScanner     : At least one JAR was scanned for TLDs yet contained no TLDs. Enable debug logging for this logger for a complete list of JARs that were scanned but no TLDs were found in them. Skipping unneeded JARs during scanning can improve startup time and JSP compilation time.
2018-02-05 09:25:36.951  INFO 12907 --- [localhost-startStop-1] o.a.c.c.C.[Tomcat].[localhost].[/]       : Initializing Spring embedded WebApplicationContext
2018-02-05 09:25:36.952  INFO 12907 --- [localhost-startStop-1] o.s.web.context.ContextLoader            : Root WebApplicationContext: initialization completed in 1414 ms
2018-02-05 09:25:37.103  INFO 12907 --- [localhost-startStop-1] o.s.b.w.servlet.FilterRegistrationBean   : Mapping filter: 'characterEncodingFilter' to: [/*]
2018-02-05 09:25:37.104  INFO 12907 --- [localhost-startStop-1] o.s.b.w.servlet.FilterRegistrationBean   : Mapping filter: 'hiddenHttpMethodFilter' to: [/*]
2018-02-05 09:25:37.104  INFO 12907 --- [localhost-startStop-1] o.s.b.w.servlet.FilterRegistrationBean   : Mapping filter: 'httpPutFormContentFilter' to: [/*]
2018-02-05 09:25:37.104  INFO 12907 --- [localhost-startStop-1] o.s.b.w.servlet.FilterRegistrationBean   : Mapping filter: 'requestContextFilter' to: [/*]
2018-02-05 09:25:37.105  INFO 12907 --- [localhost-startStop-1] .s.DelegatingFilterProxyRegistrationBean : Mapping filter: 'springSecurityFilterChain' to: [/*]
2018-02-05 09:25:37.106  INFO 12907 --- [localhost-startStop-1] o.s.b.w.servlet.FilterRegistrationBean   : Mapping filter: 'simpleCORSFilter' to: [/*]
2018-02-05 09:25:37.106  INFO 12907 --- [localhost-startStop-1] o.s.b.w.servlet.ServletRegistrationBean  : Mapping servlet: 'dispatcherServlet' to [/]
2018-02-05 09:25:37.642  INFO 12907 --- [restartedMain] o.s.s.web.DefaultSecurityFilterChain     : Creating filter chain: Ant [pattern='/images/**'], []
2018-02-05 09:25:37.643  INFO 12907 --- [restartedMain] o.s.s.web.DefaultSecurityFilterChain     : Creating filter chain: Ant [pattern='/css/**'], []
2018-02-05 09:25:37.643  INFO 12907 --- [restartedMain] o.s.s.web.DefaultSecurityFilterChain     : Creating filter chain: Ant [pattern='/javascript/**'], []
2018-02-05 09:25:37.643  INFO 12907 --- [restartedMain] o.s.s.web.DefaultSecurityFilterChain     : Creating filter chain: Ant [pattern='/webjars/**'], []
2018-02-05 09:25:37.692  INFO 12907 --- [restartedMain] o.s.s.web.DefaultSecurityFilterChain     : Creating filter chain: org.springframework.security.web.util.matcher.AnyRequestMatcher@1, [org.springframework.security.web.context.request.async.WebAsyncManagerIntegrationFilter@31c3a4fd, org.springframework.security.web.context.SecurityContextPersistenceFilter@7dca79b0, org.springframework.security.web.header.HeaderWriterFilter@174fc8fa, org.springframework.security.web.csrf.CsrfFilter@516be3cb, org.springframework.security.web.authentication.logout.LogoutFilter@568ba722, org.springframework.security.web.authentication.UsernamePasswordAuthenticationFilter@6bdd99e6, org.springframework.security.web.savedrequest.RequestCacheAwareFilter@6eac7e08, org.springframework.security.web.servletapi.SecurityContextHolderAwareRequestFilter@73f58d89, org.springframework.security.web.authentication.AnonymousAuthenticationFilter@38bd87e5, org.springframework.security.web.session.SessionManagementFilter@5bc6278e, org.springframework.security.web.access.ExceptionTranslationFilter@545eba8e, org.springframework.security.web.access.intercept.FilterSecurityInterceptor@65590c90]
2018-02-05 09:25:37.869  INFO 12907 --- [restartedMain] s.w.s.m.m.a.RequestMappingHandlerAdapter : Looking for @ControllerAdvice: org.springframework.boot.context.embedded.AnnotationConfigEmbeddedWebApplicationContext@6ebfcaeb: startup date [Mon Feb 05 09:25:35 JST 2018]; root of context hierarchy
2018-02-05 09:25:37.915  INFO 12907 --- [restartedMain] s.w.s.m.m.a.RequestMappingHandlerMapping : Mapped "{[/]}" onto public java.lang.String jp.co.rakus.merucari.web.ItemController.index(org.springframework.ui.Model)
2018-02-05 09:25:37.915  INFO 12907 --- [restartedMain] s.w.s.m.m.a.RequestMappingHandlerMapping : Mapped "{[/getJsonOfIndexItemList]}" onto public java.util.List<jp.co.rakus.merucari.domain.Item> jp.co.rakus.merucari.web.ItemController.sendJsonIndex()
2018-02-05 09:25:37.916  INFO 12907 --- [restartedMain] s.w.s.m.m.a.RequestMappingHandlerMapping : Mapped "{[/getJsonOfParentCategory]}" onto public java.util.List<jp.co.rakus.merucari.domain.Category> jp.co.rakus.merucari.web.ItemController.sendCategoryIndex()
2018-02-05 09:25:37.916  INFO 12907 --- [restartedMain] s.w.s.m.m.a.RequestMappingHandlerMapping : Mapped "{[/getJsonOfChildCategory]}" onto public java.util.List<jp.co.rakus.merucari.domain.Category> jp.co.rakus.merucari.web.ItemController.getJsonOfChildCategory(java.lang.String)
2018-02-05 09:25:37.916  INFO 12907 --- [restartedMain] s.w.s.m.m.a.RequestMappingHandlerMapping : Mapped "{[/getJsonOfGrandChildCategory]}" onto public java.util.List<jp.co.rakus.merucari.domain.Category> jp.co.rakus.merucari.web.ItemController.getJsonOfGrandChildCategory(java.lang.String)
2018-02-05 09:25:37.917  INFO 12907 --- [restartedMain] s.w.s.m.m.a.RequestMappingHandlerMapping : Mapped "{[/getJsonOfBrand]}" onto public java.util.List<java.lang.String> jp.co.rakus.merucari.web.ItemController.getJsonOfBrand(java.lang.String)
2018-02-05 09:25:37.917  INFO 12907 --- [restartedMain] s.w.s.m.m.a.RequestMappingHandlerMapping : Mapped "{[/getItemOfSerchedExistName]}" onto public java.util.List<jp.co.rakus.merucari.domain.Item> jp.co.rakus.merucari.web.ItemController.getItemOfSerched(java.lang.String,java.lang.String,java.lang.String)
2018-02-05 09:25:37.917  INFO 12907 --- [restartedMain] s.w.s.m.m.a.RequestMappingHandlerMapping : Mapped "{[/getItemOfSerched]}" onto public java.util.List<jp.co.rakus.merucari.domain.Item> jp.co.rakus.merucari.web.ItemController.getItemOfSerched(java.lang.String,java.lang.String)
2018-02-05 09:25:37.917  INFO 12907 --- [restartedMain] s.w.s.m.m.a.RequestMappingHandlerMapping : Mapped "{[/getItemOfSerchedOnlyName]}" onto public java.util.List<jp.co.rakus.merucari.domain.Item> jp.co.rakus.merucari.web.ItemController.getItemOfSerchedOnlyName(java.lang.String)
2018-02-05 09:25:37.918  INFO 12907 --- [restartedMain] s.w.s.m.m.a.RequestMappingHandlerMapping : Mapped "{[/getTotalItem]}" onto public java.lang.Integer jp.co.rakus.merucari.web.ItemController.getTotalItem()
2018-02-05 09:25:37.918  INFO 12907 --- [restartedMain] s.w.s.m.m.a.RequestMappingHandlerMapping : Mapped "{[/paging]}" onto public java.util.List<jp.co.rakus.merucari.domain.Item> jp.co.rakus.merucari.web.ItemController.clickPagingNum(java.lang.String)
2018-02-05 09:25:37.918  INFO 12907 --- [restartedMain] s.w.s.m.m.a.RequestMappingHandlerMapping : Mapped "{[/selectPaging]}" onto public java.util.List<jp.co.rakus.merucari.domain.Item> jp.co.rakus.merucari.web.ItemController.selectPaging(java.lang.String)
2018-02-05 09:25:37.919  INFO 12907 --- [restartedMain] s.w.s.m.m.a.RequestMappingHandlerMapping : Mapped "{[/detail]}" onto public java.lang.String jp.co.rakus.merucari.web.ItemController.displayDetail(java.lang.String,org.springframework.ui.Model)
2018-02-05 09:25:37.920  INFO 12907 --- [restartedMain] s.w.s.m.m.a.RequestMappingHandlerMapping : Mapped "{[/insert_of_data/saveCategoryTable]}" onto public java.lang.String jp.co.rakus.merucari.web.OriginalController.createFirst()
2018-02-05 09:25:37.922  INFO 12907 --- [restartedMain] s.w.s.m.m.a.RequestMappingHandlerMapping : Mapped "{[/addItem]}" onto public java.lang.String jp.co.rakus.merucari.web.UpdateItemController.displaryAddItem()
2018-02-05 09:25:37.923  INFO 12907 --- [restartedMain] s.w.s.m.m.a.RequestMappingHandlerMapping : Mapped "{[/executeAddItem]}" onto public java.lang.String jp.co.rakus.merucari.web.UpdateItemController.saveAddItem(jp.co.rakus.merucari.web.UpdateItemForm,org.springframework.validation.BindingResult)
2018-02-05 09:25:37.923  INFO 12907 --- [restartedMain] s.w.s.m.m.a.RequestMappingHandlerMapping : Mapped "{[/editItem]}" onto public java.lang.String jp.co.rakus.merucari.web.UpdateItemController.displayUpdateItem(java.lang.String,org.springframework.ui.Model)
2018-02-05 09:25:37.923  INFO 12907 --- [restartedMain] s.w.s.m.m.a.RequestMappingHandlerMapping : Mapped "{[/executeEditItem]}" onto public java.lang.String jp.co.rakus.merucari.web.UpdateItemController.updateEditItem(jp.co.rakus.merucari.web.UpdateItemForm,org.springframework.validation.BindingResult)
2018-02-05 09:25:37.923  INFO 12907 --- [restartedMain] s.w.s.m.m.a.RequestMappingHandlerMapping : Mapped "{[/connection_by_api]}" onto public java.lang.String jp.co.rakus.merucari.web.UseToApiController.displayApiConnectionPage()
2018-02-05 09:25:37.924  INFO 12907 --- [restartedMain] s.w.s.m.m.a.RequestMappingHandlerMapping : Mapped "{[/logout]}" onto public java.lang.String jp.co.rakus.merucari.web.UserController.logout()
2018-02-05 09:25:37.924  INFO 12907 --- [restartedMain] s.w.s.m.m.a.RequestMappingHandlerMapping : Mapped "{[/displayLoginPage]}" onto public java.lang.String jp.co.rakus.merucari.web.UserController.displayLogin()
2018-02-05 09:25:37.925  INFO 12907 --- [restartedMain] s.w.s.m.m.a.RequestMappingHandlerMapping : Mapped "{[/displayRegister]}" onto public java.lang.String jp.co.rakus.merucari.web.UserController.displayRegister()
2018-02-05 09:25:37.925  INFO 12907 --- [restartedMain] s.w.s.m.m.a.RequestMappingHandlerMapping : Mapped "{[/excuteRegister]}" onto public java.lang.String jp.co.rakus.merucari.web.UserController.excuteRegister(java.lang.String,java.lang.String)
2018-02-05 09:25:37.927  INFO 12907 --- [restartedMain] s.w.s.m.m.a.RequestMappingHandlerMapping : Mapped "{[/error]}" onto public org.springframework.http.ResponseEntity<java.util.Map<java.lang.String, java.lang.Object>> org.springframework.boot.autoconfigure.web.BasicErrorController.error(javax.servlet.http.HttpServletRequest)
2018-02-05 09:25:37.928  INFO 12907 --- [restartedMain] s.w.s.m.m.a.RequestMappingHandlerMapping : Mapped "{[/error],produces=[text/html]}" onto public org.springframework.web.servlet.ModelAndView org.springframework.boot.autoconfigure.web.BasicErrorController.errorHtml(javax.servlet.http.HttpServletRequest,javax.servlet.http.HttpServletResponse)
2018-02-05 09:25:37.949  INFO 12907 --- [restartedMain] o.s.w.s.handler.SimpleUrlHandlerMapping  : Mapped URL path [/webjars/**] onto handler of type [class org.springframework.web.servlet.resource.ResourceHttpRequestHandler]
2018-02-05 09:25:37.949  INFO 12907 --- [restartedMain] o.s.w.s.handler.SimpleUrlHandlerMapping  : Mapped URL path [/**] onto handler of type [class org.springframework.web.servlet.resource.ResourceHttpRequestHandler]
2018-02-05 09:25:37.978  INFO 12907 --- [restartedMain] o.s.w.s.handler.SimpleUrlHandlerMapping  : Mapped URL path [/**/favicon.ico] onto handler of type [class org.springframework.web.servlet.resource.ResourceHttpRequestHandler]
2018-02-05 09:25:38.323  INFO 12907 --- [restartedMain] o.s.b.d.a.OptionalLiveReloadServer       : LiveReload server is running on port 35729
2018-02-05 09:25:38.366  INFO 12907 --- [restartedMain] o.s.j.e.a.AnnotationMBeanExporter        : Registering beans for JMX exposure on startup
2018-02-05 09:25:38.423  INFO 12907 --- [restartedMain] s.b.c.e.t.TomcatEmbeddedServletContainer : Tomcat started on port(s): 8080 (http)
2018-02-05 09:25:38.428  INFO 12907 --- [restartedMain] jp.co.rakus.merucari.App                 : Started App in 3.286 seconds (JVM running for 3.998)
2018-02-05 09:29:01.229  INFO 12907 --- [RMI TCP Connection(2)-127.0.0.1] inMXBeanRegistrar$SpringApplicationAdmin : Application shutdown requested.
2018-02-05 09:29:01.233  INFO 12907 --- [RMI TCP Connection(2)-127.0.0.1] ationConfigEmbeddedWebApplicationContext : Closing org.springframework.boot.context.embedded.AnnotationConfigEmbeddedWebApplicationContext@6ebfcaeb: startup date [Mon Feb 05 09:25:35 JST 2018]; root of context hierarchy
2018-02-05 09:29:01.236  INFO 12907 --- [RMI TCP Connection(2)-127.0.0.1] o.s.j.e.a.AnnotationMBeanExporter        : Unregistering JMX-exposed beans on shutdown
2018-02-05 09:29:02.961  INFO 13016 --- [restartedMain] jp.co.rakus.merucari.App                 : Starting App on mbp.local with PID 13016 (/Users/workspaces/eclipse.workspace/merucari/target/classes started by y.kimura in /Users/workspaces/eclipse.workspace/merucari)
2018-02-05 09:29:02.962  INFO 13016 --- [restartedMain] jp.co.rakus.merucari.App                 : No active profile set, falling back to default profiles: default
2018-02-05 09:29:03.138  INFO 13016 --- [restartedMain] ationConfigEmbeddedWebApplicationContext : Refreshing org.springframework.boot.context.embedded.AnnotationConfigEmbeddedWebApplicationContext@60c91c4e: startup date [Mon Feb 05 09:29:03 JST 2018]; root of context hierarchy
2018-02-05 09:29:04.322  INFO 13016 --- [restartedMain] s.b.c.e.t.TomcatEmbeddedServletContainer : Tomcat initialized with port(s): 8080 (http)
2018-02-05 09:29:04.331  INFO 13016 --- [restartedMain] o.apache.catalina.core.StandardService   : Starting service [Tomcat]
2018-02-05 09:29:04.332  INFO 13016 --- [restartedMain] org.apache.catalina.core.StandardEngine  : Starting Servlet Engine: Apache Tomcat/8.5.15
2018-02-05 09:29:04.528  INFO 13016 --- [localhost-startStop-1] org.apache.jasper.servlet.TldScanner     : At least one JAR was scanned for TLDs yet contained no TLDs. Enable debug logging for this logger for a complete list of JARs that were scanned but no TLDs were found in them. Skipping unneeded JARs during scanning can improve startup time and JSP compilation time.
2018-02-05 09:29:04.532  INFO 13016 --- [localhost-startStop-1] o.a.c.c.C.[Tomcat].[localhost].[/]       : Initializing Spring embedded WebApplicationContext
2018-02-05 09:29:04.532  INFO 13016 --- [localhost-startStop-1] o.s.web.context.ContextLoader            : Root WebApplicationContext: initialization completed in 1395 ms
2018-02-05 09:29:04.669  INFO 13016 --- [localhost-startStop-1] o.s.b.w.servlet.FilterRegistrationBean   : Mapping filter: 'characterEncodingFilter' to: [/*]
2018-02-05 09:29:04.669  INFO 13016 --- [localhost-startStop-1] o.s.b.w.servlet.FilterRegistrationBean   : Mapping filter: 'hiddenHttpMethodFilter' to: [/*]
2018-02-05 09:29:04.670  INFO 13016 --- [localhost-startStop-1] o.s.b.w.servlet.FilterRegistrationBean   : Mapping filter: 'httpPutFormContentFilter' to: [/*]
2018-02-05 09:29:04.670  INFO 13016 --- [localhost-startStop-1] o.s.b.w.servlet.FilterRegistrationBean   : Mapping filter: 'requestContextFilter' to: [/*]
2018-02-05 09:29:04.671  INFO 13016 --- [localhost-startStop-1] .s.DelegatingFilterProxyRegistrationBean : Mapping filter: 'springSecurityFilterChain' to: [/*]
2018-02-05 09:29:04.672  INFO 13016 --- [localhost-startStop-1] o.s.b.w.servlet.FilterRegistrationBean   : Mapping filter: 'simpleCORSFilter' to: [/*]
2018-02-05 09:29:04.672  INFO 13016 --- [localhost-startStop-1] o.s.b.w.servlet.ServletRegistrationBean  : Mapping servlet: 'dispatcherServlet' to [/]
2018-02-05 09:29:05.172  INFO 13016 --- [restartedMain] o.s.s.web.DefaultSecurityFilterChain     : Creating filter chain: Ant [pattern='/images/**'], []
2018-02-05 09:29:05.172  INFO 13016 --- [restartedMain] o.s.s.web.DefaultSecurityFilterChain     : Creating filter chain: Ant [pattern='/css/**'], []
2018-02-05 09:29:05.173  INFO 13016 --- [restartedMain] o.s.s.web.DefaultSecurityFilterChain     : Creating filter chain: Ant [pattern='/javascript/**'], []
2018-02-05 09:29:05.173  INFO 13016 --- [restartedMain] o.s.s.web.DefaultSecurityFilterChain     : Creating filter chain: Ant [pattern='/webjars/**'], []
2018-02-05 09:29:05.222  INFO 13016 --- [restartedMain] o.s.s.web.DefaultSecurityFilterChain     : Creating filter chain: org.springframework.security.web.util.matcher.AnyRequestMatcher@1, [org.springframework.security.web.context.request.async.WebAsyncManagerIntegrationFilter@2de4b5f4, org.springframework.security.web.context.SecurityContextPersistenceFilter@6b4976ee, org.springframework.security.web.header.HeaderWriterFilter@4d8fc70b, org.springframework.security.web.csrf.CsrfFilter@927bafc, org.springframework.security.web.authentication.logout.LogoutFilter@a2fba17, org.springframework.security.web.authentication.UsernamePasswordAuthenticationFilter@7f728326, org.springframework.security.web.savedrequest.RequestCacheAwareFilter@564bc584, org.springframework.security.web.servletapi.SecurityContextHolderAwareRequestFilter@2a6366ce, org.springframework.security.web.authentication.AnonymousAuthenticationFilter@7d47c6af, org.springframework.security.web.session.SessionManagementFilter@35e27d6d, org.springframework.security.web.access.ExceptionTranslationFilter@445f86d5, org.springframework.security.web.access.intercept.FilterSecurityInterceptor@118a0a3e]
2018-02-05 09:29:05.401  INFO 13016 --- [restartedMain] s.w.s.m.m.a.RequestMappingHandlerAdapter : Looking for @ControllerAdvice: org.springframework.boot.context.embedded.AnnotationConfigEmbeddedWebApplicationContext@60c91c4e: startup date [Mon Feb 05 09:29:03 JST 2018]; root of context hierarchy
2018-02-05 09:29:05.448  INFO 13016 --- [restartedMain] s.w.s.m.m.a.RequestMappingHandlerMapping : Mapped "{[/]}" onto public java.lang.String jp.co.rakus.merucari.web.ItemController.index(org.springframework.ui.Model)
2018-02-05 09:29:05.450  INFO 13016 --- [restartedMain] s.w.s.m.m.a.RequestMappingHandlerMapping : Mapped "{[/getJsonOfIndexItemList]}" onto public java.util.List<jp.co.rakus.merucari.domain.Item> jp.co.rakus.merucari.web.ItemController.sendJsonIndex()
2018-02-05 09:29:05.451  INFO 13016 --- [restartedMain] s.w.s.m.m.a.RequestMappingHandlerMapping : Mapped "{[/getJsonOfParentCategory]}" onto public java.util.List<jp.co.rakus.merucari.domain.Category> jp.co.rakus.merucari.web.ItemController.sendCategoryIndex()
2018-02-05 09:29:05.451  INFO 13016 --- [restartedMain] s.w.s.m.m.a.RequestMappingHandlerMapping : Mapped "{[/getJsonOfChildCategory]}" onto public java.util.List<jp.co.rakus.merucari.domain.Category> jp.co.rakus.merucari.web.ItemController.getJsonOfChildCategory(java.lang.String)
2018-02-05 09:29:05.451  INFO 13016 --- [restartedMain] s.w.s.m.m.a.RequestMappingHandlerMapping : Mapped "{[/getJsonOfGrandChildCategory]}" onto public java.util.List<jp.co.rakus.merucari.domain.Category> jp.co.rakus.merucari.web.ItemController.getJsonOfGrandChildCategory(java.lang.String)
2018-02-05 09:29:05.452  INFO 13016 --- [restartedMain] s.w.s.m.m.a.RequestMappingHandlerMapping : Mapped "{[/getJsonOfBrand]}" onto public java.util.List<java.lang.String> jp.co.rakus.merucari.web.ItemController.getJsonOfBrand(java.lang.String)
2018-02-05 09:29:05.453  INFO 13016 --- [restartedMain] s.w.s.m.m.a.RequestMappingHandlerMapping : Mapped "{[/getItemOfSerchedExistName]}" onto public java.util.List<jp.co.rakus.merucari.domain.Item> jp.co.rakus.merucari.web.ItemController.getItemOfSerched(java.lang.String,java.lang.String,java.lang.String)
2018-02-05 09:29:05.453  INFO 13016 --- [restartedMain] s.w.s.m.m.a.RequestMappingHandlerMapping : Mapped "{[/getItemOfSerched]}" onto public java.util.List<jp.co.rakus.merucari.domain.Item> jp.co.rakus.merucari.web.ItemController.getItemOfSerched(java.lang.String,java.lang.String)
2018-02-05 09:29:05.454  INFO 13016 --- [restartedMain] s.w.s.m.m.a.RequestMappingHandlerMapping : Mapped "{[/getItemOfSerchedOnlyName]}" onto public java.util.List<jp.co.rakus.merucari.domain.Item> jp.co.rakus.merucari.web.ItemController.getItemOfSerchedOnlyName(java.lang.String)
2018-02-05 09:29:05.454  INFO 13016 --- [restartedMain] s.w.s.m.m.a.RequestMappingHandlerMapping : Mapped "{[/getTotalItem]}" onto public java.lang.Integer jp.co.rakus.merucari.web.ItemController.getTotalItem()
2018-02-05 09:29:05.455  INFO 13016 --- [restartedMain] s.w.s.m.m.a.RequestMappingHandlerMapping : Mapped "{[/paging]}" onto public java.util.List<jp.co.rakus.merucari.domain.Item> jp.co.rakus.merucari.web.ItemController.clickPagingNum(java.lang.String)
2018-02-05 09:29:05.456  INFO 13016 --- [restartedMain] s.w.s.m.m.a.RequestMappingHandlerMapping : Mapped "{[/selectPaging]}" onto public java.util.List<jp.co.rakus.merucari.domain.Item> jp.co.rakus.merucari.web.ItemController.selectPaging(java.lang.String)
2018-02-05 09:29:05.456  INFO 13016 --- [restartedMain] s.w.s.m.m.a.RequestMappingHandlerMapping : Mapped "{[/detail]}" onto public java.lang.String jp.co.rakus.merucari.web.ItemController.displayDetail(java.lang.String,org.springframework.ui.Model)
2018-02-05 09:29:05.458  INFO 13016 --- [restartedMain] s.w.s.m.m.a.RequestMappingHandlerMapping : Mapped "{[/insert_of_data/saveCategoryTable]}" onto public java.lang.String jp.co.rakus.merucari.web.OriginalController.createFirst()
2018-02-05 09:29:05.462  INFO 13016 --- [restartedMain] s.w.s.m.m.a.RequestMappingHandlerMapping : Mapped "{[/addItem]}" onto public java.lang.String jp.co.rakus.merucari.web.UpdateItemController.displaryAddItem()
2018-02-05 09:29:05.462  INFO 13016 --- [restartedMain] s.w.s.m.m.a.RequestMappingHandlerMapping : Mapped "{[/executeAddItem]}" onto public java.lang.String jp.co.rakus.merucari.web.UpdateItemController.saveAddItem(jp.co.rakus.merucari.web.UpdateItemForm,org.springframework.validation.BindingResult)
2018-02-05 09:29:05.463  INFO 13016 --- [restartedMain] s.w.s.m.m.a.RequestMappingHandlerMapping : Mapped "{[/editItem]}" onto public java.lang.String jp.co.rakus.merucari.web.UpdateItemController.displayUpdateItem(java.lang.String,org.springframework.ui.Model)
2018-02-05 09:29:05.463  INFO 13016 --- [restartedMain] s.w.s.m.m.a.RequestMappingHandlerMapping : Mapped "{[/executeEditItem]}" onto public java.lang.String jp.co.rakus.merucari.web.UpdateItemController.updateEditItem(jp.co.rakus.merucari.web.UpdateItemForm,org.springframework.validation.BindingResult)
2018-02-05 09:29:05.464  INFO 13016 --- [restartedMain] s.w.s.m.m.a.RequestMappingHandlerMapping : Mapped "{[/connection_by_api]}" onto public java.lang.String jp.co.rakus.merucari.web.UseToApiController.displayApiConnectionPage()
2018-02-05 09:29:05.466  INFO 13016 --- [restartedMain] s.w.s.m.m.a.RequestMappingHandlerMapping : Mapped "{[/logout]}" onto public java.lang.String jp.co.rakus.merucari.web.UserController.logout()
2018-02-05 09:29:05.466  INFO 13016 --- [restartedMain] s.w.s.m.m.a.RequestMappingHandlerMapping : Mapped "{[/displayLoginPage]}" onto public java.lang.String jp.co.rakus.merucari.web.UserController.displayLogin()
2018-02-05 09:29:05.466  INFO 13016 --- [restartedMain] s.w.s.m.m.a.RequestMappingHandlerMapping : Mapped "{[/displayRegister]}" onto public java.lang.String jp.co.rakus.merucari.web.UserController.displayRegister()
2018-02-05 09:29:05.467  INFO 13016 --- [restartedMain] s.w.s.m.m.a.RequestMappingHandlerMapping : Mapped "{[/excuteRegister]}" onto public java.lang.String jp.co.rakus.merucari.web.UserController.excuteRegister(java.lang.String,java.lang.String)
2018-02-05 09:29:05.469  INFO 13016 --- [restartedMain] s.w.s.m.m.a.RequestMappingHandlerMapping : Mapped "{[/error]}" onto public org.springframework.http.ResponseEntity<java.util.Map<java.lang.String, java.lang.Object>> org.springframework.boot.autoconfigure.web.BasicErrorController.error(javax.servlet.http.HttpServletRequest)
2018-02-05 09:29:05.470  INFO 13016 --- [restartedMain] s.w.s.m.m.a.RequestMappingHandlerMapping : Mapped "{[/error],produces=[text/html]}" onto public org.springframework.web.servlet.ModelAndView org.springframework.boot.autoconfigure.web.BasicErrorController.errorHtml(javax.servlet.http.HttpServletRequest,javax.servlet.http.HttpServletResponse)
2018-02-05 09:29:05.505  INFO 13016 --- [restartedMain] o.s.w.s.handler.SimpleUrlHandlerMapping  : Mapped URL path [/webjars/**] onto handler of type [class org.springframework.web.servlet.resource.ResourceHttpRequestHandler]
2018-02-05 09:29:05.506  INFO 13016 --- [restartedMain] o.s.w.s.handler.SimpleUrlHandlerMapping  : Mapped URL path [/**] onto handler of type [class org.springframework.web.servlet.resource.ResourceHttpRequestHandler]
2018-02-05 09:29:05.566  INFO 13016 --- [restartedMain] o.s.w.s.handler.SimpleUrlHandlerMapping  : Mapped URL path [/**/favicon.ico] onto handler of type [class org.springframework.web.servlet.resource.ResourceHttpRequestHandler]
2018-02-05 09:29:05.945  INFO 13016 --- [restartedMain] o.s.b.d.a.OptionalLiveReloadServer       : LiveReload server is running on port 35729
2018-02-05 09:29:05.988  INFO 13016 --- [restartedMain] o.s.j.e.a.AnnotationMBeanExporter        : Registering beans for JMX exposure on startup
2018-02-05 09:29:06.051  INFO 13016 --- [restartedMain] s.b.c.e.t.TomcatEmbeddedServletContainer : Tomcat started on port(s): 8080 (http)
2018-02-05 09:29:06.058  INFO 13016 --- [restartedMain] jp.co.rakus.merucari.App                 : Started App in 3.318 seconds (JVM running for 4.012)
2018-02-05 09:31:25.480  INFO 13016 --- [RMI TCP Connection(2)-127.0.0.1] inMXBeanRegistrar$SpringApplicationAdmin : Application shutdown requested.
2018-02-05 09:31:25.481  INFO 13016 --- [RMI TCP Connection(2)-127.0.0.1] ationConfigEmbeddedWebApplicationContext : Closing org.springframework.boot.context.embedded.AnnotationConfigEmbeddedWebApplicationContext@60c91c4e: startup date [Mon Feb 05 09:29:03 JST 2018]; root of context hierarchy
2018-02-05 09:31:25.486  INFO 13016 --- [RMI TCP Connection(2)-127.0.0.1] o.s.j.e.a.AnnotationMBeanExporter        : Unregistering JMX-exposed beans on shutdown
2018-02-05 09:31:27.319  INFO 13259 --- [restartedMain] jp.co.rakus.merucari.App                 : Starting App on mbp.local with PID 13259 (/Users/workspaces/eclipse.workspace/merucari/target/classes started by y.kimura in /Users/workspaces/eclipse.workspace/merucari)
2018-02-05 09:31:27.321  INFO 13259 --- [restartedMain] jp.co.rakus.merucari.App                 : No active profile set, falling back to default profiles: default
2018-02-05 09:31:27.506  INFO 13259 --- [restartedMain] ationConfigEmbeddedWebApplicationContext : Refreshing org.springframework.boot.context.embedded.AnnotationConfigEmbeddedWebApplicationContext@60c91c4e: startup date [Mon Feb 05 09:31:27 JST 2018]; root of context hierarchy
2018-02-05 09:31:28.739  INFO 13259 --- [restartedMain] s.b.c.e.t.TomcatEmbeddedServletContainer : Tomcat initialized with port(s): 8080 (http)
2018-02-05 09:31:28.748  INFO 13259 --- [restartedMain] o.apache.catalina.core.StandardService   : Starting service [Tomcat]
2018-02-05 09:31:28.749  INFO 13259 --- [restartedMain] org.apache.catalina.core.StandardEngine  : Starting Servlet Engine: Apache Tomcat/8.5.15
2018-02-05 09:31:28.942  INFO 13259 --- [localhost-startStop-1] org.apache.jasper.servlet.TldScanner     : At least one JAR was scanned for TLDs yet contained no TLDs. Enable debug logging for this logger for a complete list of JARs that were scanned but no TLDs were found in them. Skipping unneeded JARs during scanning can improve startup time and JSP compilation time.
2018-02-05 09:31:28.945  INFO 13259 --- [localhost-startStop-1] o.a.c.c.C.[Tomcat].[localhost].[/]       : Initializing Spring embedded WebApplicationContext
2018-02-05 09:31:28.946  INFO 13259 --- [localhost-startStop-1] o.s.web.context.ContextLoader            : Root WebApplicationContext: initialization completed in 1441 ms
2018-02-05 09:31:29.090  INFO 13259 --- [localhost-startStop-1] o.s.b.w.servlet.FilterRegistrationBean   : Mapping filter: 'characterEncodingFilter' to: [/*]
2018-02-05 09:31:29.091  INFO 13259 --- [localhost-startStop-1] o.s.b.w.servlet.FilterRegistrationBean   : Mapping filter: 'hiddenHttpMethodFilter' to: [/*]
2018-02-05 09:31:29.091  INFO 13259 --- [localhost-startStop-1] o.s.b.w.servlet.FilterRegistrationBean   : Mapping filter: 'httpPutFormContentFilter' to: [/*]
2018-02-05 09:31:29.092  INFO 13259 --- [localhost-startStop-1] o.s.b.w.servlet.FilterRegistrationBean   : Mapping filter: 'requestContextFilter' to: [/*]
2018-02-05 09:31:29.093  INFO 13259 --- [localhost-startStop-1] .s.DelegatingFilterProxyRegistrationBean : Mapping filter: 'springSecurityFilterChain' to: [/*]
2018-02-05 09:31:29.093  INFO 13259 --- [localhost-startStop-1] o.s.b.w.servlet.FilterRegistrationBean   : Mapping filter: 'simpleCORSFilter' to: [/*]
2018-02-05 09:31:29.094  INFO 13259 --- [localhost-startStop-1] o.s.b.w.servlet.ServletRegistrationBean  : Mapping servlet: 'dispatcherServlet' to [/]
2018-02-05 09:31:29.601  INFO 13259 --- [restartedMain] o.s.s.web.DefaultSecurityFilterChain     : Creating filter chain: Ant [pattern='/images/**'], []
2018-02-05 09:31:29.601  INFO 13259 --- [restartedMain] o.s.s.web.DefaultSecurityFilterChain     : Creating filter chain: Ant [pattern='/css/**'], []
2018-02-05 09:31:29.601  INFO 13259 --- [restartedMain] o.s.s.web.DefaultSecurityFilterChain     : Creating filter chain: Ant [pattern='/javascript/**'], []
2018-02-05 09:31:29.601  INFO 13259 --- [restartedMain] o.s.s.web.DefaultSecurityFilterChain     : Creating filter chain: Ant [pattern='/webjars/**'], []
2018-02-05 09:31:29.651  INFO 13259 --- [restartedMain] o.s.s.web.DefaultSecurityFilterChain     : Creating filter chain: org.springframework.security.web.util.matcher.AnyRequestMatcher@1, [org.springframework.security.web.context.request.async.WebAsyncManagerIntegrationFilter@dea7d74, org.springframework.security.web.context.SecurityContextPersistenceFilter@9fb8eae, org.springframework.security.web.header.HeaderWriterFilter@4d6677ff, org.springframework.security.web.csrf.CsrfFilter@799dee88, org.springframework.security.web.authentication.logout.LogoutFilter@793c3846, org.springframework.security.web.authentication.UsernamePasswordAuthenticationFilter@7d47c6af, org.springframework.security.web.savedrequest.RequestCacheAwareFilter@5eea95bd, org.springframework.security.web.servletapi.SecurityContextHolderAwareRequestFilter@4afa85be, org.springframework.security.web.authentication.AnonymousAuthenticationFilter@3375abb8, org.springframework.security.web.session.SessionManagementFilter@5feda66e, org.springframework.security.web.access.ExceptionTranslationFilter@59d84dca, org.springframework.security.web.access.intercept.FilterSecurityInterceptor@51b7c789]
2018-02-05 09:31:29.826  INFO 13259 --- [restartedMain] s.w.s.m.m.a.RequestMappingHandlerAdapter : Looking for @ControllerAdvice: org.springframework.boot.context.embedded.AnnotationConfigEmbeddedWebApplicationContext@60c91c4e: startup date [Mon Feb 05 09:31:27 JST 2018]; root of context hierarchy
2018-02-05 09:31:29.875  INFO 13259 --- [restartedMain] s.w.s.m.m.a.RequestMappingHandlerMapping : Mapped "{[/]}" onto public java.lang.String jp.co.rakus.merucari.web.ItemController.index(org.springframework.ui.Model)
2018-02-05 09:31:29.876  INFO 13259 --- [restartedMain] s.w.s.m.m.a.RequestMappingHandlerMapping : Mapped "{[/getJsonOfIndexItemList]}" onto public java.util.List<jp.co.rakus.merucari.domain.Item> jp.co.rakus.merucari.web.ItemController.sendJsonIndex()
2018-02-05 09:31:29.876  INFO 13259 --- [restartedMain] s.w.s.m.m.a.RequestMappingHandlerMapping : Mapped "{[/getJsonOfParentCategory]}" onto public java.util.List<jp.co.rakus.merucari.domain.Category> jp.co.rakus.merucari.web.ItemController.sendCategoryIndex()
2018-02-05 09:31:29.877  INFO 13259 --- [restartedMain] s.w.s.m.m.a.RequestMappingHandlerMapping : Mapped "{[/getJsonOfChildCategory]}" onto public java.util.List<jp.co.rakus.merucari.domain.Category> jp.co.rakus.merucari.web.ItemController.getJsonOfChildCategory(java.lang.String)
2018-02-05 09:31:29.877  INFO 13259 --- [restartedMain] s.w.s.m.m.a.RequestMappingHandlerMapping : Mapped "{[/getJsonOfGrandChildCategory]}" onto public java.util.List<jp.co.rakus.merucari.domain.Category> jp.co.rakus.merucari.web.ItemController.getJsonOfGrandChildCategory(java.lang.String)
2018-02-05 09:31:29.877  INFO 13259 --- [restartedMain] s.w.s.m.m.a.RequestMappingHandlerMapping : Mapped "{[/getJsonOfBrand]}" onto public java.util.List<java.lang.String> jp.co.rakus.merucari.web.ItemController.getJsonOfBrand(java.lang.String)
2018-02-05 09:31:29.878  INFO 13259 --- [restartedMain] s.w.s.m.m.a.RequestMappingHandlerMapping : Mapped "{[/getItemOfSerchedExistName]}" onto public java.util.List<jp.co.rakus.merucari.domain.Item> jp.co.rakus.merucari.web.ItemController.getItemOfSerched(java.lang.String,java.lang.String,java.lang.String)
2018-02-05 09:31:29.878  INFO 13259 --- [restartedMain] s.w.s.m.m.a.RequestMappingHandlerMapping : Mapped "{[/getItemOfSerched]}" onto public java.util.List<jp.co.rakus.merucari.domain.Item> jp.co.rakus.merucari.web.ItemController.getItemOfSerched(java.lang.String,java.lang.String)
2018-02-05 09:31:29.879  INFO 13259 --- [restartedMain] s.w.s.m.m.a.RequestMappingHandlerMapping : Mapped "{[/getItemOfSerchedOnlyName]}" onto public java.util.List<jp.co.rakus.merucari.domain.Item> jp.co.rakus.merucari.web.ItemController.getItemOfSerchedOnlyName(java.lang.String)
2018-02-05 09:31:29.879  INFO 13259 --- [restartedMain] s.w.s.m.m.a.RequestMappingHandlerMapping : Mapped "{[/getTotalItem]}" onto public java.lang.Integer jp.co.rakus.merucari.web.ItemController.getTotalItem()
2018-02-05 09:31:29.880  INFO 13259 --- [restartedMain] s.w.s.m.m.a.RequestMappingHandlerMapping : Mapped "{[/paging]}" onto public java.util.List<jp.co.rakus.merucari.domain.Item> jp.co.rakus.merucari.web.ItemController.clickPagingNum(java.lang.String)
2018-02-05 09:31:29.880  INFO 13259 --- [restartedMain] s.w.s.m.m.a.RequestMappingHandlerMapping : Mapped "{[/selectPaging]}" onto public java.util.List<jp.co.rakus.merucari.domain.Item> jp.co.rakus.merucari.web.ItemController.selectPaging(java.lang.String)
2018-02-05 09:31:29.880  INFO 13259 --- [restartedMain] s.w.s.m.m.a.RequestMappingHandlerMapping : Mapped "{[/detail]}" onto public java.lang.String jp.co.rakus.merucari.web.ItemController.displayDetail(java.lang.String,org.springframework.ui.Model)
2018-02-05 09:31:29.882  INFO 13259 --- [restartedMain] s.w.s.m.m.a.RequestMappingHandlerMapping : Mapped "{[/insert_of_data/saveCategoryTable]}" onto public java.lang.String jp.co.rakus.merucari.web.OriginalController.createFirst()
2018-02-05 09:31:29.884  INFO 13259 --- [restartedMain] s.w.s.m.m.a.RequestMappingHandlerMapping : Mapped "{[/addItem]}" onto public java.lang.String jp.co.rakus.merucari.web.UpdateItemController.displaryAddItem()
2018-02-05 09:31:29.885  INFO 13259 --- [restartedMain] s.w.s.m.m.a.RequestMappingHandlerMapping : Mapped "{[/executeAddItem]}" onto public java.lang.String jp.co.rakus.merucari.web.UpdateItemController.saveAddItem(jp.co.rakus.merucari.web.UpdateItemForm,org.springframework.validation.BindingResult)
2018-02-05 09:31:29.885  INFO 13259 --- [restartedMain] s.w.s.m.m.a.RequestMappingHandlerMapping : Mapped "{[/editItem]}" onto public java.lang.String jp.co.rakus.merucari.web.UpdateItemController.displayUpdateItem(java.lang.String,org.springframework.ui.Model)
2018-02-05 09:31:29.886  INFO 13259 --- [restartedMain] s.w.s.m.m.a.RequestMappingHandlerMapping : Mapped "{[/executeEditItem]}" onto public java.lang.String jp.co.rakus.merucari.web.UpdateItemController.updateEditItem(jp.co.rakus.merucari.web.UpdateItemForm,org.springframework.validation.BindingResult)
2018-02-05 09:31:29.886  INFO 13259 --- [restartedMain] s.w.s.m.m.a.RequestMappingHandlerMapping : Mapped "{[/connection_by_api]}" onto public java.lang.String jp.co.rakus.merucari.web.UseToApiController.displayApiConnectionPage()
2018-02-05 09:31:29.888  INFO 13259 --- [restartedMain] s.w.s.m.m.a.RequestMappingHandlerMapping : Mapped "{[/displayLoginPage]}" onto public java.lang.String jp.co.rakus.merucari.web.UserController.displayLogin()
2018-02-05 09:31:29.888  INFO 13259 --- [restartedMain] s.w.s.m.m.a.RequestMappingHandlerMapping : Mapped "{[/displayRegister]}" onto public java.lang.String jp.co.rakus.merucari.web.UserController.displayRegister()
2018-02-05 09:31:29.889  INFO 13259 --- [restartedMain] s.w.s.m.m.a.RequestMappingHandlerMapping : Mapped "{[/excuteRegister]}" onto public java.lang.String jp.co.rakus.merucari.web.UserController.excuteRegister(java.lang.String,java.lang.String)
2018-02-05 09:31:29.889  INFO 13259 --- [restartedMain] s.w.s.m.m.a.RequestMappingHandlerMapping : Mapped "{[/logout]}" onto public java.lang.String jp.co.rakus.merucari.web.UserController.logout()
2018-02-05 09:31:29.891  INFO 13259 --- [restartedMain] s.w.s.m.m.a.RequestMappingHandlerMapping : Mapped "{[/error]}" onto public org.springframework.http.ResponseEntity<java.util.Map<java.lang.String, java.lang.Object>> org.springframework.boot.autoconfigure.web.BasicErrorController.error(javax.servlet.http.HttpServletRequest)
2018-02-05 09:31:29.892  INFO 13259 --- [restartedMain] s.w.s.m.m.a.RequestMappingHandlerMapping : Mapped "{[/error],produces=[text/html]}" onto public org.springframework.web.servlet.ModelAndView org.springframework.boot.autoconfigure.web.BasicErrorController.errorHtml(javax.servlet.http.HttpServletRequest,javax.servlet.http.HttpServletResponse)
2018-02-05 09:31:29.922  INFO 13259 --- [restartedMain] o.s.w.s.handler.SimpleUrlHandlerMapping  : Mapped URL path [/webjars/**] onto handler of type [class org.springframework.web.servlet.resource.ResourceHttpRequestHandler]
2018-02-05 09:31:29.923  INFO 13259 --- [restartedMain] o.s.w.s.handler.SimpleUrlHandlerMapping  : Mapped URL path [/**] onto handler of type [class org.springframework.web.servlet.resource.ResourceHttpRequestHandler]
2018-02-05 09:31:29.969  INFO 13259 --- [restartedMain] o.s.w.s.handler.SimpleUrlHandlerMapping  : Mapped URL path [/**/favicon.ico] onto handler of type [class org.springframework.web.servlet.resource.ResourceHttpRequestHandler]
2018-02-05 09:31:30.360  INFO 13259 --- [restartedMain] o.s.b.d.a.OptionalLiveReloadServer       : LiveReload server is running on port 35729
2018-02-05 09:31:30.404  INFO 13259 --- [restartedMain] o.s.j.e.a.AnnotationMBeanExporter        : Registering beans for JMX exposure on startup
2018-02-05 09:31:30.459  INFO 13259 --- [restartedMain] s.b.c.e.t.TomcatEmbeddedServletContainer : Tomcat started on port(s): 8080 (http)
2018-02-05 09:31:30.465  INFO 13259 --- [restartedMain] jp.co.rakus.merucari.App                 : Started App in 3.372 seconds (JVM running for 4.085)
2018-02-05 09:32:05.662  INFO 13259 --- [RMI TCP Connection(2)-127.0.0.1] inMXBeanRegistrar$SpringApplicationAdmin : Application shutdown requested.
2018-02-05 09:32:05.663  INFO 13259 --- [RMI TCP Connection(2)-127.0.0.1] ationConfigEmbeddedWebApplicationContext : Closing org.springframework.boot.context.embedded.AnnotationConfigEmbeddedWebApplicationContext@60c91c4e: startup date [Mon Feb 05 09:31:27 JST 2018]; root of context hierarchy
2018-02-05 09:32:05.666  INFO 13259 --- [RMI TCP Connection(2)-127.0.0.1] o.s.j.e.a.AnnotationMBeanExporter        : Unregistering JMX-exposed beans on shutdown
